# JRE version: OpenJDK Runtime Environment (11.0.11+9) (build 11.0.11+9-b60-7590822)
# Java VM: OpenJDK 64-Bit Server VM (11.0.11+9-b60-7590822, mixed mode, tiered, compressed oops, g1 gc, windows-amd64)
Heap:
 garbage-first heap   total 641024K, used 247611K [0x00000006e0000000, 0x0000000800000000)
  region size 1024K, 11 young (11264K), 11 survivors (11264K)
 Metaspace       used 139178K, capacity 143293K, committed 143868K, reserved 1175552K
  class space    used 17085K, capacity 18575K, committed 18764K, reserved 1048576K
GC Heap History (20 events):
Event: 525.052 GC heap after
{Heap after GC invocations=117 (full 0):
 garbage-first heap   total 368640K, used 172132K [0x00000006e0000000, 0x0000000800000000)
  region size 1024K, 2 young (2048K), 2 survivors (2048K)
 Metaspace       used 128761K, capacity 132452K, committed 132604K, reserved 1165312K
  class space    used 15768K, capacity 17095K, committed 17228K, reserved 1048576K
}
Event: 528.775 GC heap before
{Heap before GC invocations=117 (full 0):
 garbage-first heap   total 368640K, used 276580K [0x00000006e0000000, 0x0000000800000000)
  region size 1024K, 105 young (107520K), 2 survivors (2048K)
 Metaspace       used 136705K, capacity 140847K, committed 141052K, reserved 1171456K
  class space    used 16906K, capacity 18421K, committed 18508K, reserved 1048576K
}
Event: 528.841 GC heap after
{Heap after GC invocations=118 (full 0):
 garbage-first heap   total 368640K, used 184011K [0x00000006e0000000, 0x0000000800000000)
  region size 1024K, 14 young (14336K), 14 survivors (14336K)
 Metaspace       used 136705K, capacity 140847K, committed 141052K, reserved 1171456K
  class space    used 16906K, capacity 18421K, committed 18508K, reserved 1048576K
}
Event: 531.306 GC heap before
{Heap before GC invocations=119 (full 0):
 garbage-first heap   total 368640K, used 283339K [0x00000006e0000000, 0x0000000800000000)
  region size 1024K, 112 young (114688K), 14 survivors (14336K)
 Metaspace       used 138095K, capacity 142370K, committed 142588K, reserved 1173504K
  class space    used 17086K, capacity 18633K, committed 18764K, reserved 1048576K
}
Event: 531.347 GC heap after
{Heap after GC invocations=120 (full 0):
 garbage-first heap   total 368640K, used 193633K [0x00000006e0000000, 0x0000000800000000)
  region size 1024K, 14 young (14336K), 14 survivors (14336K)
 Metaspace       used 138095K, capacity 142370K, committed 142588K, reserved 1173504K
  class space    used 17086K, capacity 18633K, committed 18764K, reserved 1048576K
}
Event: 531.400 GC heap before
{Heap before GC invocations=120 (full 0):
 garbage-first heap   total 368640K, used 196705K [0x00000006e0000000, 0x0000000800000000)
  region size 1024K, 18 young (18432K), 14 survivors (14336K)
 Metaspace       used 138115K, capacity 142370K, committed 142588K, reserved 1173504K
  class space    used 17086K, capacity 18633K, committed 18764K, reserved 1048576K
}
Event: 531.421 GC heap after
{Heap after GC invocations=121 (full 0):
 garbage-first heap   total 368640K, used 189384K [0x00000006e0000000, 0x0000000800000000)
  region size 1024K, 2 young (2048K), 2 survivors (2048K)
 Metaspace       used 138115K, capacity 142370K, committed 142588K, reserved 1173504K
  class space    used 17086K, capacity 18633K, committed 18764K, reserved 1048576K
}
Event: 532.559 GC heap before
{Heap before GC invocations=121 (full 0):
 garbage-first heap   total 368640K, used 288712K [0x00000006e0000000, 0x0000000800000000)
  region size 1024K, 99 young (101376K), 2 survivors (2048K)
 Metaspace       used 138484K, capacity 142711K, committed 142844K, reserved 1173504K
  class space    used 17093K, capacity 18634K, committed 18764K, reserved 1048576K
}
Event: 532.617 GC heap after
{Heap after GC invocations=122 (full 0):
 garbage-first heap   total 368640K, used 201728K [0x00000006e0000000, 0x0000000800000000)
  region size 1024K, 13 young (13312K), 13 survivors (13312K)
 Metaspace       used 138484K, capacity 142711K, committed 142844K, reserved 1173504K
  class space    used 17093K, capacity 18634K, committed 18764K, reserved 1048576K
}
Event: 534.194 GC heap before
{Heap before GC invocations=123 (full 0):
 garbage-first heap   total 368640K, used 292864K [0x00000006e0000000, 0x0000000800000000)
  region size 1024K, 103 young (105472K), 13 survivors (13312K)
 Metaspace       used 138496K, capacity 142549K, committed 143100K, reserved 1173504K
  class space    used 17011K, capacity 18487K, committed 18764K, reserved 1048576K
}
Event: 534.251 GC heap after
{Heap after GC invocations=124 (full 0):
 garbage-first heap   total 368640K, used 211485K [0x00000006e0000000, 0x0000000800000000)
  region size 1024K, 12 young (12288K), 12 survivors (12288K)
 Metaspace       used 138496K, capacity 142549K, committed 143100K, reserved 1173504K
  class space    used 17011K, capacity 18487K, committed 18764K, reserved 1048576K
}
Event: 534.285 GC heap before
{Heap before GC invocations=124 (full 0):
 garbage-first heap   total 368640K, used 216605K [0x00000006e0000000, 0x0000000800000000)
  region size 1024K, 18 young (18432K), 12 survivors (12288K)
 Metaspace       used 138501K, capacity 142550K, committed 143100K, reserved 1173504K
  class space    used 17011K, capacity 18487K, committed 18764K, reserved 1048576K
}
Event: 534.342 GC heap after
{Heap after GC invocations=125 (full 0):
 garbage-first heap   total 456704K, used 209720K [0x00000006e0000000, 0x0000000800000000)
  region size 1024K, 3 young (3072K), 3 survivors (3072K)
 Metaspace       used 138501K, capacity 142550K, committed 143100K, reserved 1173504K
  class space    used 17011K, capacity 18487K, committed 18764K, reserved 1048576K
}
Event: 536.132 GC heap before
{Heap before GC invocations=125 (full 0):
 garbage-first heap   total 456704K, used 350008K [0x00000006e0000000, 0x0000000800000000)
  region size 1024K, 140 young (143360K), 3 survivors (3072K)
 Metaspace       used 138652K, capacity 142764K, committed 143356K, reserved 1173504K
  class space    used 17014K, capacity 18488K, committed 18764K, reserved 1048576K
}
Event: 536.207 GC heap after
{Heap after GC invocations=126 (full 0):
 garbage-first heap   total 456704K, used 226304K [0x00000006e0000000, 0x0000000800000000)
  region size 1024K, 18 young (18432K), 18 survivors (18432K)
 Metaspace       used 138652K, capacity 142764K, committed 143356K, reserved 1173504K
  class space    used 17014K, capacity 18488K, committed 18764K, reserved 1048576K
}
Event: 537.476 GC heap before
{Heap before GC invocations=126 (full 0):
 garbage-first heap   total 456704K, used 356352K [0x00000006e0000000, 0x0000000800000000)
  region size 1024K, 145 young (148480K), 18 survivors (18432K)
 Metaspace       used 138761K, capacity 142876K, committed 143356K, reserved 1173504K
  class space    used 17030K, capacity 18524K, committed 18764K, reserved 1048576K
}
Event: 537.551 GC heap after
{Heap after GC invocations=127 (full 0):
 garbage-first heap   total 456704K, used 238646K [0x00000006e0000000, 0x0000000800000000)
  region size 1024K, 13 young (13312K), 13 survivors (13312K)
 Metaspace       used 138761K, capacity 142876K, committed 143356K, reserved 1173504K
  class space    used 17030K, capacity 18524K, committed 18764K, reserved 1048576K
}
Event: 538.965 GC heap before
{Heap before GC invocations=127 (full 0):
 garbage-first heap   total 456704K, used 363574K [0x00000006e0000000, 0x0000000800000000)
  region size 1024K, 135 young (138240K), 13 survivors (13312K)
 Metaspace       used 139098K, capacity 143194K, committed 143612K, reserved 1173504K
  class space    used 17069K, capacity 18542K, committed 18764K, reserved 1048576K
}
Event: 539.049 GC heap after
{Heap after GC invocations=128 (full 0):
 garbage-first heap   total 456704K, used 242176K [0x00000006e0000000, 0x0000000800000000)
  region size 1024K, 5 young (5120K), 5 survivors (5120K)
 Metaspace       used 139098K, capacity 143194K, committed 143612K, reserved 1173504K
  class space    used 17069K, capacity 18542K, committed 18764K, reserved 1048576K
}
Event: 541.130 GC heap before
{Heap before GC invocations=129 (full 0):
 garbage-first heap   total 456704K, used 370176K [0x00000006e0000000, 0x0000000800000000)
  region size 1024K, 130 young (133120K), 5 survivors (5120K)
 Metaspace       used 139178K, capacity 143293K, committed 143868K, reserved 1175552K
  class space    used 17085K, capacity 18575K, committed 18764K, reserved 1048576K
}

